[Mon, 09 Apr 18 00:55:14 +0700][ERROR] [2]: EditController handler class cannot be loaded

[Mon, 09 Apr 18 00:57:33 +0700][ERROR] [2]: EditController handler class cannot be loaded

[Mon, 09 Apr 18 00:57:39 +0700][ERROR] [2]: EditController handler class cannot be loaded

[Mon, 09 Apr 18 00:57:59 +0700][ERROR] [2]: EditController handler class cannot be loaded

[Mon, 09 Apr 18 00:58:31 +0700][ERROR] [2]: EditController handler class cannot be loaded

[Mon, 09 Apr 18 01:13:01 +0700][ERROR] [2]: ImgController handler class cannot be loaded

[Mon, 09 Apr 18 01:13:26 +0700][ERROR] [2]: ImgController handler class cannot be loaded

[Mon, 09 Apr 18 01:13:28 +0700][ERROR] [2]: ImgController handler class cannot be loaded

[Mon, 09 Apr 18 01:34:23 +0700][ERROR] [2]: VendorController handler class cannot be loaded

[Mon, 09 Apr 18 01:34:41 +0700][ERROR] [2]: VendorController handler class cannot be loaded

[Mon, 09 Apr 18 01:37:47 +0700][ERROR] [2]: VendorController handler class cannot be loaded

[Mon, 09 Apr 18 01:37:47 +0700][ERROR] [2]: VendorController handler class cannot be loaded

[Mon, 09 Apr 18 01:38:03 +0700][ERROR] [2]: VendorController handler class cannot be loaded

[Mon, 09 Apr 18 01:38:57 +0700][ERROR] [2]: JsController handler class cannot be loaded

[Mon, 09 Apr 18 01:38:57 +0700][ERROR] [2]: JsController handler class cannot be loaded

[Mon, 09 Apr 18 01:42:14 +0700][ERROR] [2]: VendorController handler class cannot be loaded

[Mon, 09 Apr 18 01:42:14 +0700][ERROR] [2]: VendorController handler class cannot be loaded

[Mon, 09 Apr 18 01:42:15 +0700][ERROR] [2]: VendorController handler class cannot be loaded

[Mon, 09 Apr 18 01:42:15 +0700][ERROR] [2]: VendorController handler class cannot be loaded

[Mon, 09 Apr 18 01:42:17 +0700][ERROR] [2]: VendorController handler class cannot be loaded

[Mon, 09 Apr 18 01:42:17 +0700][ERROR] [2]: VendorController handler class cannot be loaded

[Mon, 09 Apr 18 12:53:43 +0700][ERROR] [2]: CssController handler class cannot be loaded

[Mon, 09 Apr 18 12:53:43 +0700][ERROR] [2]: JsController handler class cannot be loaded

[Mon, 09 Apr 18 12:53:43 +0700][ERROR] [2]: CssController handler class cannot be loaded

[Mon, 09 Apr 18 12:53:46 +0700][ERROR] [2]: CssController handler class cannot be loaded

[Mon, 09 Apr 18 12:53:46 +0700][ERROR] [2]: JsController handler class cannot be loaded

[Mon, 09 Apr 18 12:53:46 +0700][ERROR] [2]: CssController handler class cannot be loaded

[Mon, 09 Apr 18 12:53:52 +0700][ERROR] [2]: ImgController handler class cannot be loaded

[Mon, 09 Apr 18 12:57:44 +0700][ERROR] [2]: CssController handler class cannot be loaded

[Mon, 09 Apr 18 12:57:44 +0700][ERROR] [2]: CssController handler class cannot be loaded

[Mon, 09 Apr 18 12:58:48 +0700][ERROR] [2]: CssController handler class cannot be loaded

[Mon, 09 Apr 18 12:58:48 +0700][ERROR] [2]: CssController handler class cannot be loaded

[Mon, 09 Apr 18 12:59:50 +0700][ERROR] [2]: ImgController handler class cannot be loaded

[Mon, 09 Apr 18 13:08:14 +0700][ERROR] [2]: ImgController handler class cannot be loaded

[Mon, 09 Apr 18 13:15:41 +0700][ERROR] [2]: ImgController handler class cannot be loaded

